Using pre-set license
Built from '2020.3/staging' branch; Version is '2020.3.17f1 (a4537701e4ab) revision 10769271'; Using compiler version '192528614'; Build Type 'Release'
OS: 'Windows 10 Home; OS build 19044.1586; Version 2009; 64bit' Language: 'nl' Physical Memory: 16190 MB
BatchMode: 1, IsHumanControllingUs: 0, StartBugReporterOnCrash: 0, Is64bit: 1, IsPro: 0

COMMAND LINE ARGUMENTS:
C:\Program Files\Unity\Hub\Editor\2020.3.17f1\Editor\Unity.exe
-adb2
-batchMode
-noUpm
-name
AssetImportWorker0
-projectPath
D:/GitHub/Project-periode-3--Heroes--Quest-/Heroes' Quest
-logFile
Logs/AssetImportWorker0.log
-srvPort
58470
Successfully changed project path to: D:/GitHub/Project-periode-3--Heroes--Quest-/Heroes' Quest
D:/GitHub/Project-periode-3--Heroes--Quest-/Heroes' Quest
Using Asset Import Pipeline V2.
Refreshing native plugins compatible for Editor in 47.43 ms, found 2 plugins.
Preloading 0 native plugins for Editor in 0.00 ms.
Initialize engine version: 2020.3.17f1 (a4537701e4ab)
[Subsystems] Discovering subsystems at path C:/Program Files/Unity/Hub/Editor/2020.3.17f1/Editor/Data/Resources/UnitySubsystems
[Subsystems] Discovering subsystems at path D:/GitHub/Project-periode-3--Heroes--Quest-/Heroes' Quest/Assets
GfxDevice: creating device client; threaded=0
Direct3D:
    Version:  Direct3D 11.0 [level 11.1]
    Renderer: NVIDIA GeForce GTX 1050 Ti (ID=0x1c8c)
    Vendor:   
    VRAM:     4018 MB
    Driver:   30.0.15.1179
Initialize mono
Mono path[0] = 'C:/Program Files/Unity/Hub/Editor/2020.3.17f1/Editor/Data/Managed'
Mono path[1] = 'C:/Program Files/Unity/Hub/Editor/2020.3.17f1/Editor/Data/MonoBleedingEdge/lib/mono/unityjit'
Mono config path = 'C:/Program Files/Unity/Hub/Editor/2020.3.17f1/Editor/Data/MonoBleedingEdge/etc'
Using monoOptions --debugger-agent=transport=dt_socket,embedding=1,server=y,suspend=n,address=127.0.0.1:56296
Begin MonoManager ReloadAssembly
Registering precompiled unity dll's ...
Register platform support module: C:/Program Files/Unity/Hub/Editor/2020.3.17f1/Editor/Data/PlaybackEngines/WindowsStandaloneSupport/UnityEditor.WindowsStandalone.Extensions.dll
Registered in 0.002891 seconds.
Native extension for WindowsStandalone target not found
Refreshing native plugins compatible for Editor in 45.77 ms, found 2 plugins.
Preloading 0 native plugins for Editor in 0.00 ms.
Mono: successfully reloaded assembly
- Completed reload, in  1.280 seconds
Domain Reload Profiling:
	ReloadAssembly (1280ms)
		BeginReloadAssembly (63ms)
			ExecutionOrderSort (0ms)
			DisableScriptedObjects (0ms)
			BackupInstance (0ms)
			ReleaseScriptingObjects (0ms)
			CreateAndSetChildDomain (1ms)
		EndReloadAssembly (426ms)
			LoadAssemblies (60ms)
			RebuildTransferFunctionScriptingTraits (0ms)
			SetupTypeCache (151ms)
			ReleaseScriptCaches (0ms)
			RebuildScriptCaches (32ms)
			SetupLoadedEditorAssemblies (168ms)
				LogAssemblyErrors (0ms)
				InitializePlatformSupportModulesInManaged (4ms)
				SetLoadedEditorAssemblies (0ms)
				RefreshPlugins (46ms)
				BeforeProcessingInitializeOnLoad (13ms)
				ProcessInitializeOnLoadAttributes (78ms)
				ProcessInitializeOnLoadMethodAttributes (27ms)
				AfterProcessingInitializeOnLoad (0ms)
				EditorAssembliesLoaded (0ms)
			ExecutionOrderSort2 (0ms)
			AwakeInstancesAfterBackupRestoration (0ms)
Platform modules already initialized, skipping
Registering precompiled user dll's ...
Registered in 0.004111 seconds.
Begin MonoManager ReloadAssembly
Native extension for WindowsStandalone target not found
Refreshing native plugins compatible for Editor in 46.49 ms, found 2 plugins.
Preloading 0 native plugins for Editor in 0.00 ms.
Mono: successfully reloaded assembly
- Completed reload, in  1.217 seconds
Domain Reload Profiling:
	ReloadAssembly (1218ms)
		BeginReloadAssembly (147ms)
			ExecutionOrderSort (0ms)
			DisableScriptedObjects (4ms)
			BackupInstance (0ms)
			ReleaseScriptingObjects (0ms)
			CreateAndSetChildDomain (19ms)
		EndReloadAssembly (1007ms)
			LoadAssemblies (94ms)
			RebuildTransferFunctionScriptingTraits (0ms)
			SetupTypeCache (315ms)
			ReleaseScriptCaches (1ms)
			RebuildScriptCaches (47ms)
			SetupLoadedEditorAssemblies (426ms)
				LogAssemblyErrors (0ms)
				InitializePlatformSupportModulesInManaged (4ms)
				SetLoadedEditorAssemblies (0ms)
				RefreshPlugins (47ms)
				BeforeProcessingInitializeOnLoad (84ms)
				ProcessInitializeOnLoadAttributes (273ms)
				ProcessInitializeOnLoadMethodAttributes (7ms)
				AfterProcessingInitializeOnLoad (11ms)
				EditorAssembliesLoaded (0ms)
			ExecutionOrderSort2 (0ms)
			AwakeInstancesAfterBackupRestoration (6ms)
Platform modules already initialized, skipping
========================================================================
Worker process is ready to serve import requests
Launched and connected shader compiler UnityShaderCompiler.exe after 0.09 seconds
Refreshing native plugins compatible for Editor in 0.48 ms, found 2 plugins.
Preloading 0 native plugins for Editor in 0.00 ms.
Unloading 2708 Unused Serialized files (Serialized files now loaded: 0)
System memory in use before: 123.4 MB.
System memory in use after: 123.6 MB.

Unloading 19 unused Assets to reduce memory usage. Loaded Objects now: 3143.
Total: 3.378800 ms (FindLiveObjects: 0.245500 ms CreateObjectMapping: 0.122000 ms MarkObjects: 2.934500 ms  DeleteObjects: 0.075900 ms)

AssetImportParameters requested are different than current active one (requested -> active):
  custom:framework-win-MediaFoundation: 216162199b28c13a410421893ffa2e32 -> 
  custom:video-decoder-ogg-theora: a1e56fd34408186e4bbccfd4996cb3dc -> 
  custom:container-muxer-webm: aa71ff27fc2769a1b78a27578f13a17b -> 
  custom:container-demuxer-webm: 4f35f7cbe854078d1ac9338744f61a02 -> 
  custom:container-demuxer-ogg: 62fdf1f143b41e24485cea50d1cbac27 -> 
  custom:video-encoder-webm-vp8: eb34c28f22e8b96e1ab97ce403110664 -> 
  custom:video-codec-MediaFoundation-h265: 746d11721c4dcdbdad8f713fa42b33f4 -> 
  custom:video-decoder-webm-vp8: 9c59270c3fd7afecdb556c50c9e8de78 -> 
  custom:audio-decoder-ogg-vorbis: bf7c407c2cedff20999df2af8eb42d56 -> 
  custom:audio-encoder-webm-vorbis: bf7c407c2cedff20999df2af8eb42d56 -> 
========================================================================
Received Import Request.
  path: Assets/Scenes/ShannonTestScene.unity
  artifactKey: Guid(2c07dba30246a654285ad73a075edf9e) Importer(815301076,1909f56bfc062723c751e8b465ee728b)
Start importing Assets/Scenes/ShannonTestScene.unity using Guid(2c07dba30246a654285ad73a075edf9e) Importer(815301076,1909f56bfc062723c751e8b465ee728b)  -> (artifact id: '16bce518a4a2978048511fc83e183946') in 0.019178 seconds 
  Import took 0.059004 seconds .

========================================================================
Received Import Request.
  Time since last request: 174.837052 seconds.
  path: Assets/Materials/plane_DefaultMaterial_AlbedoTransparency.mat
  artifactKey: Guid(a601c3d7e5a39324fbb7c82d0ca15879) Importer(815301076,1909f56bfc062723c751e8b465ee728b)
Start importing Assets/Materials/plane_DefaultMaterial_AlbedoTransparency.mat using Guid(a601c3d7e5a39324fbb7c82d0ca15879) Importer(815301076,1909f56bfc062723c751e8b465ee728b)  -> (artifact id: 'bb13691901ae082601b4804d39e8c6fd') in 0.296480 seconds 
  Import took 0.325041 seconds .

========================================================================
Received Import Request.
  Time since last request: 0.000331 seconds.
  path: Assets/Materials/tree_Material_AlbedoTransparency.mat
  artifactKey: Guid(5d8876aa1240f9b4da36365e81a45586) Importer(815301076,1909f56bfc062723c751e8b465ee728b)
Start importing Assets/Materials/tree_Material_AlbedoTransparency.mat using Guid(5d8876aa1240f9b4da36365e81a45586) Importer(815301076,1909f56bfc062723c751e8b465ee728b)  -> (artifact id: 'dbfa9903d0c8f169f3edd3c66551f3f7') in 0.059118 seconds 
  Import took 0.074032 seconds .

========================================================================
Received Import Request.
  Time since last request: 0.000325 seconds.
  path: Assets/Materials/quick-bush_Material_AlbedoTransparency.mat
  artifactKey: Guid(d3d35215a49804248a0d13b2f58f86a9) Importer(815301076,1909f56bfc062723c751e8b465ee728b)
Start importing Assets/Materials/quick-bush_Material_AlbedoTransparency.mat using Guid(d3d35215a49804248a0d13b2f58f86a9) Importer(815301076,1909f56bfc062723c751e8b465ee728b)  -> (artifact id: '7b04c820c2b9cb384c9d9be06dbea7f9') in 0.039033 seconds 
  Import took 0.049515 seconds .

========================================================================
Received Import Request.
  Time since last request: 0.000293 seconds.
  path: Assets/Materials/Skybox_Mat.mat
  artifactKey: Guid(0ffaa0b7117ba8c47a9d05ae701d4b4d) Importer(815301076,1909f56bfc062723c751e8b465ee728b)
Start importing Assets/Materials/Skybox_Mat.mat using Guid(0ffaa0b7117ba8c47a9d05ae701d4b4d) Importer(815301076,1909f56bfc062723c751e8b465ee728b)  -> (artifact id: '4d54ab3375f41efad00566dcae11def2') in 0.036024 seconds 
  Import took 0.052101 seconds .

========================================================================
Received Import Request.
  Time since last request: 0.000306 seconds.
  path: Assets/Materials/prickly-bush_Material_AlbedoTransparency.mat
  artifactKey: Guid(5bb1fbeab702c514db739de58a779b53) Importer(815301076,1909f56bfc062723c751e8b465ee728b)
Start importing Assets/Materials/prickly-bush_Material_AlbedoTransparency.mat using Guid(5bb1fbeab702c514db739de58a779b53) Importer(815301076,1909f56bfc062723c751e8b465ee728b)  -> (artifact id: 'af30f687cdf7eecb91b3ebc447cd3c07') in 0.020803 seconds 
  Import took 0.025904 seconds .

========================================================================
Received Import Request.
  Time since last request: 0.002854 seconds.
  path: Assets/Materials/prickly-bush_Material_AlbedoTransparency.mat
  artifactKey: Guid(5bb1fbeab702c514db739de58a779b53) Importer(815301076,1909f56bfc062723c751e8b465ee728b)
Start importing Assets/Materials/prickly-bush_Material_AlbedoTransparency.mat using Guid(5bb1fbeab702c514db739de58a779b53) Importer(815301076,1909f56bfc062723c751e8b465ee728b)  -> (artifact id: 'af30f687cdf7eecb91b3ebc447cd3c07') in 0.022016 seconds 
  Import took 0.027180 seconds .

========================================================================
Received Import Request.
  Time since last request: 111.935296 seconds.
  path: Assets/textures and models/New Material 1.mat
  artifactKey: Guid(b7335ee096211194499794e00fada311) Importer(815301076,1909f56bfc062723c751e8b465ee728b)
Start importing Assets/textures and models/New Material 1.mat using Guid(b7335ee096211194499794e00fada311) Importer(815301076,1909f56bfc062723c751e8b465ee728b)  -> (artifact id: '55a62b35bdfbb160957cce84657f5491') in 0.018247 seconds 
  Import took 0.069339 seconds .

========================================================================
Received Import Request.
  Time since last request: 0.000227 seconds.
  path: Assets/textures and models/plane_DefaultMaterial_AlbedoTransparency.png
  artifactKey: Guid(aad567fbfe222cb499dda450d2f7d1b6) Importer(815301076,1909f56bfc062723c751e8b465ee728b)
Start importing Assets/textures and models/plane_DefaultMaterial_AlbedoTransparency.png using Guid(aad567fbfe222cb499dda450d2f7d1b6) Importer(815301076,1909f56bfc062723c751e8b465ee728b)  -> (artifact id: '4c4ca2b8f17efe9a23f9d3697069cc8e') in 0.049202 seconds 
  Import took 0.054993 seconds .

========================================================================
Received Import Request.
  Time since last request: 0.000238 seconds.
  path: Assets/textures and models/quick-bush_Material_Normal.png
  artifactKey: Guid(a032575ad69d1584abde790ce36a31e5) Importer(815301076,1909f56bfc062723c751e8b465ee728b)
Start importing Assets/textures and models/quick-bush_Material_Normal.png using Guid(a032575ad69d1584abde790ce36a31e5) Importer(815301076,1909f56bfc062723c751e8b465ee728b)  -> (artifact id: '7949190e9db8c24d401483617800566f') in 0.027581 seconds 
  Import took 0.035431 seconds .

========================================================================
Received Import Request.
  Time since last request: 0.000343 seconds.
  path: Assets/textures and models/prickly-bush.fbx
  artifactKey: Guid(64f783a5a39bd4c4d8d4ac24b9f5cc4d) Importer(815301076,1909f56bfc062723c751e8b465ee728b)
Start importing Assets/textures and models/prickly-bush.fbx using Guid(64f783a5a39bd4c4d8d4ac24b9f5cc4d) Importer(815301076,1909f56bfc062723c751e8b465ee728b)  -> (artifact id: '2aada924239c84824f255d8dcff6fe40') in 0.373542 seconds 
  Import took 0.391587 seconds .

========================================================================
Received Import Request.
  Time since last request: 0.000174 seconds.
  path: Assets/textures and models/quick-bush_Material_AlbedoTransparency.png
  artifactKey: Guid(cf177abd12165514eb7b07ddf8cafa88) Importer(815301076,1909f56bfc062723c751e8b465ee728b)
Start importing Assets/textures and models/quick-bush_Material_AlbedoTransparency.png using Guid(cf177abd12165514eb7b07ddf8cafa88) Importer(815301076,1909f56bfc062723c751e8b465ee728b)  -> (artifact id: 'ac245dc185b42530f0a141d4acebdeef') in 0.017144 seconds 
  Import took 0.026340 seconds .

========================================================================
Received Import Request.
  Time since last request: 0.000349 seconds.
  path: Assets/textures and models/prickly-bush_Material_MetallicSmoothness.png
  artifactKey: Guid(1492af6d65486dd408b75bd8bc6e7fc3) Importer(815301076,1909f56bfc062723c751e8b465ee728b)
Start importing Assets/textures and models/prickly-bush_Material_MetallicSmoothness.png using Guid(1492af6d65486dd408b75bd8bc6e7fc3) Importer(815301076,1909f56bfc062723c751e8b465ee728b)  -> (artifact id: '9f7f8e43880149b73bfd3b69c96bb004') in 0.021031 seconds 
  Import took 0.028215 seconds .

========================================================================
Received Import Request.
  Time since last request: 0.000347 seconds.
  path: Assets/textures and models/tree_Material_Normal.png
  artifactKey: Guid(b90a6e5764571a743a246b92d42a8790) Importer(815301076,1909f56bfc062723c751e8b465ee728b)
Start importing Assets/textures and models/tree_Material_Normal.png using Guid(b90a6e5764571a743a246b92d42a8790) Importer(815301076,1909f56bfc062723c751e8b465ee728b)  -> (artifact id: '1a2d73c89e9f6017bd30d351678f2666') in 0.020865 seconds 
  Import took 0.030005 seconds .

========================================================================
Received Import Request.
  Time since last request: 0.000264 seconds.
  path: Assets/textures and models/tree.fbx
  artifactKey: Guid(b409ab1f4daadcb4b8f7d438d44eea23) Importer(815301076,1909f56bfc062723c751e8b465ee728b)
Start importing Assets/textures and models/tree.fbx using Guid(b409ab1f4daadcb4b8f7d438d44eea23) Importer(815301076,1909f56bfc062723c751e8b465ee728b)  -> (artifact id: 'c0c7f90c8e236087e565034d341bca3b') in 0.044335 seconds 
  Import took 0.051776 seconds .

========================================================================
Received Import Request.
  Time since last request: 0.000256 seconds.
  path: Assets/textures and models/prickly-bush_Material_Emission.png
  artifactKey: Guid(4ced26452f4ce834db63c4aee5d32844) Importer(815301076,1909f56bfc062723c751e8b465ee728b)
Start importing Assets/textures and models/prickly-bush_Material_Emission.png using Guid(4ced26452f4ce834db63c4aee5d32844) Importer(815301076,1909f56bfc062723c751e8b465ee728b)  -> (artifact id: 'fdd0eecb18175019164abde47252c967') in 0.022504 seconds 
  Import took 0.031099 seconds .

========================================================================
Received Import Request.
  Time since last request: 0.000212 seconds.
  path: Assets/textures and models/tree_Material_AlbedoTransparency.png
  artifactKey: Guid(598f58b176a08c048af85b3bf472ecf5) Importer(815301076,1909f56bfc062723c751e8b465ee728b)
Start importing Assets/textures and models/tree_Material_AlbedoTransparency.png using Guid(598f58b176a08c048af85b3bf472ecf5) Importer(815301076,1909f56bfc062723c751e8b465ee728b)  -> (artifact id: '1929c8b1c28e8f2359e38f8001f75118') in 0.023633 seconds 
  Import took 0.031588 seconds .

========================================================================
Received Import Request.
  Time since last request: 0.000432 seconds.
  path: Assets/textures and models/quick-bush.fbx
  artifactKey: Guid(29504f3fa7eed2240926d385c9aa8f3f) Importer(815301076,1909f56bfc062723c751e8b465ee728b)
Start importing Assets/textures and models/quick-bush.fbx using Guid(29504f3fa7eed2240926d385c9aa8f3f) Importer(815301076,1909f56bfc062723c751e8b465ee728b)  -> (artifact id: 'eac118eee1217d05a53eef22a9295f85') in 0.040598 seconds 
  Import took 0.047991 seconds .

========================================================================
Received Import Request.
  Time since last request: 0.000204 seconds.
  path: Assets/textures and models/New Material.mat
  artifactKey: Guid(a5209fc285c898949b4bb377395c2121) Importer(815301076,1909f56bfc062723c751e8b465ee728b)
Start importing Assets/textures and models/New Material.mat using Guid(a5209fc285c898949b4bb377395c2121) Importer(815301076,1909f56bfc062723c751e8b465ee728b)  -> (artifact id: 'bd5382a4e1043efc15b86831ee132242') in 0.020769 seconds 
  Import took 0.026887 seconds .

========================================================================
Received Import Request.
  Time since last request: 0.000223 seconds.
  path: Assets/textures and models/New Material 3.mat
  artifactKey: Guid(2928636fe7e4d9f439277d700b94feda) Importer(815301076,1909f56bfc062723c751e8b465ee728b)
Start importing Assets/textures and models/New Material 3.mat using Guid(2928636fe7e4d9f439277d700b94feda) Importer(815301076,1909f56bfc062723c751e8b465ee728b)  -> (artifact id: 'cb7e20679776249080a85a89215a363f') in 0.023600 seconds 
  Import took 0.030913 seconds .

========================================================================
Received Import Request.
  Time since last request: 0.000348 seconds.
  path: Assets/textures and models/tree_Material_MetallicSmoothness.png
  artifactKey: Guid(3088c52dbbae93c4a9a99aaa82a63bd0) Importer(815301076,1909f56bfc062723c751e8b465ee728b)
Start importing Assets/textures and models/tree_Material_MetallicSmoothness.png using Guid(3088c52dbbae93c4a9a99aaa82a63bd0) Importer(815301076,1909f56bfc062723c751e8b465ee728b)  -> (artifact id: 'c346860d0ba4ecb51f28dc33aba73dbe') in 0.021656 seconds 
  Import took 0.029305 seconds .

========================================================================
Received Import Request.
  Time since last request: 0.000316 seconds.
  path: Assets/textures and models/tree_Material_Emission.png
  artifactKey: Guid(a1d4bc4168eb84549b19363c5cd6be25) Importer(815301076,1909f56bfc062723c751e8b465ee728b)
Start importing Assets/textures and models/tree_Material_Emission.png using Guid(a1d4bc4168eb84549b19363c5cd6be25) Importer(815301076,1909f56bfc062723c751e8b465ee728b)  -> (artifact id: 'eedb7183f0aad03deb65626c46659438') in 0.020485 seconds 
  Import took 0.045690 seconds .

========================================================================
Received Import Request.
  Time since last request: 0.000205 seconds.
  path: Assets/textures and models/prickly-bush_Material_AlbedoTransparency.png
  artifactKey: Guid(e00557be009adce40bb16ffd92e15249) Importer(815301076,1909f56bfc062723c751e8b465ee728b)
Start importing Assets/textures and models/prickly-bush_Material_AlbedoTransparency.png using Guid(e00557be009adce40bb16ffd92e15249) Importer(815301076,1909f56bfc062723c751e8b465ee728b)  -> (artifact id: '32ad6094f777cf699156b498bcf741aa') in 0.021794 seconds 
  Import took 0.031130 seconds .

========================================================================
Received Import Request.
  Time since last request: 0.000289 seconds.
  path: Assets/textures and models/prickly-bush_Material_Normal.png
  artifactKey: Guid(f7b6df1cb8c948d4ebe81c35c712c375) Importer(815301076,1909f56bfc062723c751e8b465ee728b)
Start importing Assets/textures and models/prickly-bush_Material_Normal.png using Guid(f7b6df1cb8c948d4ebe81c35c712c375) Importer(815301076,1909f56bfc062723c751e8b465ee728b)  -> (artifact id: '236011121c34649d4cc78c0f98f1647e') in 0.023355 seconds 
  Import took 0.030530 seconds .

========================================================================
Received Import Request.
  Time since last request: 0.000783 seconds.
  path: Assets/textures and models/New Material 4.mat
  artifactKey: Guid(66f66dab1e924e84a959b371e307e187) Importer(815301076,1909f56bfc062723c751e8b465ee728b)
Start importing Assets/textures and models/New Material 4.mat using Guid(66f66dab1e924e84a959b371e307e187) Importer(815301076,1909f56bfc062723c751e8b465ee728b)  -> (artifact id: '601d52c8ef4ad19fa774ff4ed94fe0a0') in 0.025446 seconds 
  Import took 0.033698 seconds .

========================================================================
Received Import Request.
  Time since last request: 0.000224 seconds.
  path: Assets/textures and models/New Material 5.mat
  artifactKey: Guid(a27cae6996e8227499324d9b462e41fb) Importer(815301076,1909f56bfc062723c751e8b465ee728b)
Start importing Assets/textures and models/New Material 5.mat using Guid(a27cae6996e8227499324d9b462e41fb) Importer(815301076,1909f56bfc062723c751e8b465ee728b)  -> (artifact id: '0f77c05fb443c4295dcc22eb40d96cb6') in 0.020280 seconds 
  Import took 0.026096 seconds .

========================================================================
Received Import Request.
  Time since last request: 0.000286 seconds.
  path: Assets/textures and models/quick-bush_Material_MetallicSmoothness.png
  artifactKey: Guid(e7dba6350edd5cd48b04cab46e16e96a) Importer(815301076,1909f56bfc062723c751e8b465ee728b)
Start importing Assets/textures and models/quick-bush_Material_MetallicSmoothness.png using Guid(e7dba6350edd5cd48b04cab46e16e96a) Importer(815301076,1909f56bfc062723c751e8b465ee728b)  -> (artifact id: 'eac505a9477360d1c737a65654da8deb') in 0.020086 seconds 
  Import took 0.026069 seconds .

========================================================================
Received Import Request.
  Time since last request: 0.000299 seconds.
  path: Assets/textures and models/New Material 2.mat
  artifactKey: Guid(5557e8862ef5a964d8e0fbbcbfe879b3) Importer(815301076,1909f56bfc062723c751e8b465ee728b)
Start importing Assets/textures and models/New Material 2.mat using Guid(5557e8862ef5a964d8e0fbbcbfe879b3) Importer(815301076,1909f56bfc062723c751e8b465ee728b)  -> (artifact id: 'bda938201cad5b70d3934fc4c028963d') in 0.035504 seconds 
  Import took 0.041484 seconds .

========================================================================
Received Import Request.
  Time since last request: 98.495257 seconds.
  path: Assets/textures and models/Skeleton.fbx
  artifactKey: Guid(f5be0e45eb4170c4a942c6936b048860) Importer(815301076,1909f56bfc062723c751e8b465ee728b)
Start importing Assets/textures and models/Skeleton.fbx using Guid(f5be0e45eb4170c4a942c6936b048860) Importer(815301076,1909f56bfc062723c751e8b465ee728b)  -> (artifact id: 'e2ffb49109d19e5540f113cfa7e2ad69') in 0.027454 seconds 
  Import took 0.054349 seconds .

========================================================================
Received Import Request.
  Time since last request: 197.807659 seconds.
  path: Assets/textures and models/Skeleton_DefaultMaterial_AlbedoTransparency.png
  artifactKey: Guid(57c0b8513f527f94084bdfa6932d48db) Importer(815301076,1909f56bfc062723c751e8b465ee728b)
Start importing Assets/textures and models/Skeleton_DefaultMaterial_AlbedoTransparency.png using Guid(57c0b8513f527f94084bdfa6932d48db) Importer(815301076,1909f56bfc062723c751e8b465ee728b)  -> (artifact id: '48d5b088075143dd0540c53c161af815') in 0.031528 seconds 
  Import took 0.050017 seconds .

========================================================================
Received Import Request.
  Time since last request: 11.241044 seconds.
  path: Assets/textures and models/Skeleton_DefaultMaterial_Emission.png
  artifactKey: Guid(15efaf724683a224b81c634c06b129fb) Importer(815301076,1909f56bfc062723c751e8b465ee728b)
Start importing Assets/textures and models/Skeleton_DefaultMaterial_Emission.png using Guid(15efaf724683a224b81c634c06b129fb) Importer(815301076,1909f56bfc062723c751e8b465ee728b)  -> (artifact id: 'cb833e00f9613bd5eefdd9cf71860a38') in 0.026707 seconds 
  Import took 0.032737 seconds .

========================================================================
Received Import Request.
  Time since last request: 0.000354 seconds.
  path: Assets/textures and models/Skeleton_DefaultMaterial_MetallicSmoothness.png
  artifactKey: Guid(3f0467f7059bbb449918007f604b0fc3) Importer(815301076,1909f56bfc062723c751e8b465ee728b)
Start importing Assets/textures and models/Skeleton_DefaultMaterial_MetallicSmoothness.png using Guid(3f0467f7059bbb449918007f604b0fc3) Importer(815301076,1909f56bfc062723c751e8b465ee728b)  -> (artifact id: '8acaa52406cac6da243a7e842e0f18b3') in 0.022902 seconds 
  Import took 0.042411 seconds .

========================================================================
Received Import Request.
  Time since last request: 0.000221 seconds.
  path: Assets/textures and models/Skeleton_DefaultMaterial_Normal.png
  artifactKey: Guid(6d491a52a5838f649b2581ea28fa2885) Importer(815301076,1909f56bfc062723c751e8b465ee728b)
Start importing Assets/textures and models/Skeleton_DefaultMaterial_Normal.png using Guid(6d491a52a5838f649b2581ea28fa2885) Importer(815301076,1909f56bfc062723c751e8b465ee728b)  -> (artifact id: '85ae309df7a6e09c2d80374a8e90c092') in 0.019703 seconds 
  Import took 0.036721 seconds .

========================================================================
Received Import Request.
  Time since last request: 0.000194 seconds.
  path: Assets/textures and models/Skeleton_DefaultMaterial_MetallicSmoothness.png
  artifactKey: Guid(3f0467f7059bbb449918007f604b0fc3) Importer(815301076,1909f56bfc062723c751e8b465ee728b)
Start importing Assets/textures and models/Skeleton_DefaultMaterial_MetallicSmoothness.png using Guid(3f0467f7059bbb449918007f604b0fc3) Importer(815301076,1909f56bfc062723c751e8b465ee728b)  -> (artifact id: '8acaa52406cac6da243a7e842e0f18b3') in 0.021304 seconds 
  Import took 0.026152 seconds .

========================================================================
Received Import Request.
  Time since last request: 19.352946 seconds.
  path: Assets/Skeleton_DefaultMaterial_AlbedoTransparency.png
  artifactKey: Guid(a4f820fd84f1271499e26b693b646984) Importer(815301076,1909f56bfc062723c751e8b465ee728b)
Start importing Assets/Skeleton_DefaultMaterial_AlbedoTransparency.png using Guid(a4f820fd84f1271499e26b693b646984) Importer(815301076,1909f56bfc062723c751e8b465ee728b)  -> (artifact id: 'af341f8016732215d78f0e6a2467b5b0') in 0.034806 seconds 
  Import took 0.040432 seconds .

========================================================================
Received Import Request.
  Time since last request: 115.000843 seconds.
  path: Assets/textures and models/Skeleton_DefaultMaterial_Normal.png
  artifactKey: Guid(6d491a52a5838f649b2581ea28fa2885) Importer(815301076,1909f56bfc062723c751e8b465ee728b)
Start importing Assets/textures and models/Skeleton_DefaultMaterial_Normal.png using Guid(6d491a52a5838f649b2581ea28fa2885) Importer(815301076,1909f56bfc062723c751e8b465ee728b)  -> (artifact id: '2efc98d5df33ebb8eb372b5c47e31c4e') in 0.023531 seconds 
  Import took 0.034925 seconds .

========================================================================
Received Import Request.
  Time since last request: 238.405979 seconds.
  path: Assets/SkeletonAnimated.fbx
  artifactKey: Guid(9899ae20350a2fc4fb2be961c0f12b34) Importer(815301076,1909f56bfc062723c751e8b465ee728b)
Start importing Assets/SkeletonAnimated.fbx using Guid(9899ae20350a2fc4fb2be961c0f12b34) Importer(815301076,1909f56bfc062723c751e8b465ee728b)  -> (artifact id: '063d6f48f878dabe675e2f2af7ae5a22') in 0.050292 seconds 
  Import took 0.137130 seconds .

========================================================================
Received Import Request.
  Time since last request: 33.469171 seconds.
  path: Assets/textures and models/SkeletonAnimated.fbx
  artifactKey: Guid(8e5855595c039e2438a924b4a9b08f45) Importer(815301076,1909f56bfc062723c751e8b465ee728b)
Start importing Assets/textures and models/SkeletonAnimated.fbx using Guid(8e5855595c039e2438a924b4a9b08f45) Importer(815301076,1909f56bfc062723c751e8b465ee728b)  -> (artifact id: 'a03ddc1423d1d109d49de50ba018b905') in 0.040246 seconds 
  Import took 0.053851 seconds .

========================================================================
Received Prepare
Registering precompiled user dll's ...
Registered in 0.005727 seconds.
Begin MonoManager ReloadAssembly
Native extension for WindowsStandalone target not found
Refreshing native plugins compatible for Editor in 0.47 ms, found 2 plugins.
Preloading 0 native plugins for Editor in 0.00 ms.
Mono: successfully reloaded assembly
- Completed reload, in  1.167 seconds
Domain Reload Profiling:
	ReloadAssembly (1168ms)
		BeginReloadAssembly (165ms)
			ExecutionOrderSort (0ms)
			DisableScriptedObjects (8ms)
			BackupInstance (0ms)
			ReleaseScriptingObjects (0ms)
			CreateAndSetChildDomain (51ms)
		EndReloadAssembly (935ms)
			LoadAssemblies (99ms)
			RebuildTransferFunctionScriptingTraits (0ms)
			SetupTypeCache (295ms)
			ReleaseScriptCaches (1ms)
			RebuildScriptCaches (39ms)
			SetupLoadedEditorAssemblies (379ms)
				LogAssemblyErrors (0ms)
				InitializePlatformSupportModulesInManaged (4ms)
				SetLoadedEditorAssemblies (0ms)
				RefreshPlugins (1ms)
				BeforeProcessingInitializeOnLoad (96ms)
				ProcessInitializeOnLoadAttributes (263ms)
				ProcessInitializeOnLoadMethodAttributes (4ms)
				AfterProcessingInitializeOnLoad (10ms)
				EditorAssembliesLoaded (0ms)
			ExecutionOrderSort2 (0ms)
			AwakeInstancesAfterBackupRestoration (16ms)
Platform modules already initialized, skipping
Refreshing native plugins compatible for Editor in 0.58 ms, found 2 plugins.
Preloading 0 native plugins for Editor in 0.00 ms.
Unloading 2599 Unused Serialized files (Serialized files now loaded: 0)
System memory in use before: 121.9 MB.
System memory in use after: 122.1 MB.

Unloading 14 unused Assets to reduce memory usage. Loaded Objects now: 3230.
Total: 3.389800 ms (FindLiveObjects: 0.266000 ms CreateObjectMapping: 0.123300 ms MarkObjects: 2.980500 ms  DeleteObjects: 0.019200 ms)

AssetImportParameters requested are different than current active one (requested -> active):
  custom:framework-win-MediaFoundation: 216162199b28c13a410421893ffa2e32 -> 
  custom:video-decoder-ogg-theora: a1e56fd34408186e4bbccfd4996cb3dc -> 
  custom:container-muxer-webm: aa71ff27fc2769a1b78a27578f13a17b -> 
  custom:container-demuxer-webm: 4f35f7cbe854078d1ac9338744f61a02 -> 
  custom:container-demuxer-ogg: 62fdf1f143b41e24485cea50d1cbac27 -> 
  custom:video-encoder-webm-vp8: eb34c28f22e8b96e1ab97ce403110664 -> 
  custom:video-codec-MediaFoundation-h265: 746d11721c4dcdbdad8f713fa42b33f4 -> 
  custom:video-decoder-webm-vp8: 9c59270c3fd7afecdb556c50c9e8de78 -> 
  custom:audio-decoder-ogg-vorbis: bf7c407c2cedff20999df2af8eb42d56 -> 
  custom:audio-encoder-webm-vorbis: bf7c407c2cedff20999df2af8eb42d56 -> 
========================================================================
Received Prepare
Registering precompiled user dll's ...
Registered in 0.004924 seconds.
Begin MonoManager ReloadAssembly
Native extension for WindowsStandalone target not found
Refreshing native plugins compatible for Editor in 1.02 ms, found 2 plugins.
Preloading 0 native plugins for Editor in 0.00 ms.
Mono: successfully reloaded assembly
- Completed reload, in  1.535 seconds
Domain Reload Profiling:
	ReloadAssembly (1536ms)
		BeginReloadAssembly (159ms)
			ExecutionOrderSort (0ms)
			DisableScriptedObjects (6ms)
			BackupInstance (0ms)
			ReleaseScriptingObjects (0ms)
			CreateAndSetChildDomain (50ms)
		EndReloadAssembly (1286ms)
			LoadAssemblies (132ms)
			RebuildTransferFunctionScriptingTraits (0ms)
			SetupTypeCache (423ms)
			ReleaseScriptCaches (1ms)
			RebuildScriptCaches (47ms)
			SetupLoadedEditorAssemblies (510ms)
				LogAssemblyErrors (0ms)
				InitializePlatformSupportModulesInManaged (7ms)
				SetLoadedEditorAssemblies (1ms)
				RefreshPlugins (1ms)
				BeforeProcessingInitializeOnLoad (134ms)
				ProcessInitializeOnLoadAttributes (349ms)
				ProcessInitializeOnLoadMethodAttributes (5ms)
				AfterProcessingInitializeOnLoad (12ms)
				EditorAssembliesLoaded (0ms)
			ExecutionOrderSort2 (0ms)
			AwakeInstancesAfterBackupRestoration (21ms)
Platform modules already initialized, skipping
Refreshing native plugins compatible for Editor in 0.82 ms, found 2 plugins.
Preloading 0 native plugins for Editor in 0.00 ms.
Unloading 2599 Unused Serialized files (Serialized files now loaded: 0)
System memory in use before: 121.9 MB.
System memory in use after: 122.2 MB.

Unloading 14 unused Assets to reduce memory usage. Loaded Objects now: 3232.
Total: 4.869300 ms (FindLiveObjects: 0.307500 ms CreateObjectMapping: 0.154300 ms MarkObjects: 4.384700 ms  DeleteObjects: 0.021200 ms)

AssetImportParameters requested are different than current active one (requested -> active):
  custom:framework-win-MediaFoundation: 216162199b28c13a410421893ffa2e32 -> 
  custom:video-decoder-ogg-theora: a1e56fd34408186e4bbccfd4996cb3dc -> 
  custom:container-muxer-webm: aa71ff27fc2769a1b78a27578f13a17b -> 
  custom:container-demuxer-webm: 4f35f7cbe854078d1ac9338744f61a02 -> 
  custom:container-demuxer-ogg: 62fdf1f143b41e24485cea50d1cbac27 -> 
  custom:video-encoder-webm-vp8: eb34c28f22e8b96e1ab97ce403110664 -> 
  custom:video-codec-MediaFoundation-h265: 746d11721c4dcdbdad8f713fa42b33f4 -> 
  custom:video-decoder-webm-vp8: 9c59270c3fd7afecdb556c50c9e8de78 -> 
  custom:audio-decoder-ogg-vorbis: bf7c407c2cedff20999df2af8eb42d56 -> 
  custom:audio-encoder-webm-vorbis: bf7c407c2cedff20999df2af8eb42d56 -> 
========================================================================
Received Import Request.
  Time since last request: 1144.937171 seconds.
  path: Assets/textures and models/SkeletonAnimated.fbx
  artifactKey: Guid(8e5855595c039e2438a924b4a9b08f45) Importer(815301076,1909f56bfc062723c751e8b465ee728b)
Start importing Assets/textures and models/SkeletonAnimated.fbx using Guid(8e5855595c039e2438a924b4a9b08f45) Importer(815301076,1909f56bfc062723c751e8b465ee728b)  -> (artifact id: 'e9fa1bf77cbf67956870953b8e5d74bd') in 0.283548 seconds 
  Import took 0.311051 seconds .

========================================================================
Received Prepare
Registering precompiled user dll's ...
Registered in 0.004611 seconds.
Begin MonoManager ReloadAssembly
Native extension for WindowsStandalone target not found
Refreshing native plugins compatible for Editor in 0.47 ms, found 2 plugins.
Preloading 0 native plugins for Editor in 0.00 ms.
Mono: successfully reloaded assembly
- Completed reload, in  1.332 seconds
Domain Reload Profiling:
	ReloadAssembly (1333ms)
		BeginReloadAssembly (145ms)
			ExecutionOrderSort (0ms)
			DisableScriptedObjects (7ms)
			BackupInstance (0ms)
			ReleaseScriptingObjects (0ms)
			CreateAndSetChildDomain (47ms)
		EndReloadAssembly (1121ms)
			LoadAssemblies (112ms)
			RebuildTransferFunctionScriptingTraits (0ms)
			SetupTypeCache (329ms)
			ReleaseScriptCaches (1ms)
			RebuildScriptCaches (42ms)
			SetupLoadedEditorAssemblies (477ms)
				LogAssemblyErrors (0ms)
				InitializePlatformSupportModulesInManaged (4ms)
				SetLoadedEditorAssemblies (0ms)
				RefreshPlugins (1ms)
				BeforeProcessingInitializeOnLoad (107ms)
				ProcessInitializeOnLoadAttributes (343ms)
				ProcessInitializeOnLoadMethodAttributes (7ms)
				AfterProcessingInitializeOnLoad (13ms)
				EditorAssembliesLoaded (0ms)
			ExecutionOrderSort2 (0ms)
			AwakeInstancesAfterBackupRestoration (30ms)
Platform modules already initialized, skipping
Refreshing native plugins compatible for Editor in 0.59 ms, found 2 plugins.
Preloading 0 native plugins for Editor in 0.00 ms.
Unloading 2599 Unused Serialized files (Serialized files now loaded: 0)
System memory in use before: 122.1 MB.
System memory in use after: 122.3 MB.

Unloading 14 unused Assets to reduce memory usage. Loaded Objects now: 3270.
Total: 4.324800 ms (FindLiveObjects: 0.285000 ms CreateObjectMapping: 0.102700 ms MarkObjects: 3.913700 ms  DeleteObjects: 0.022500 ms)

AssetImportParameters requested are different than current active one (requested -> active):
  custom:framework-win-MediaFoundation: 216162199b28c13a410421893ffa2e32 -> 
  custom:video-decoder-ogg-theora: a1e56fd34408186e4bbccfd4996cb3dc -> 
  custom:container-muxer-webm: aa71ff27fc2769a1b78a27578f13a17b -> 
  custom:container-demuxer-webm: 4f35f7cbe854078d1ac9338744f61a02 -> 
  custom:container-demuxer-ogg: 62fdf1f143b41e24485cea50d1cbac27 -> 
  custom:video-encoder-webm-vp8: eb34c28f22e8b96e1ab97ce403110664 -> 
  custom:video-codec-MediaFoundation-h265: 746d11721c4dcdbdad8f713fa42b33f4 -> 
  custom:video-decoder-webm-vp8: 9c59270c3fd7afecdb556c50c9e8de78 -> 
  custom:audio-decoder-ogg-vorbis: bf7c407c2cedff20999df2af8eb42d56 -> 
  custom:audio-encoder-webm-vorbis: bf7c407c2cedff20999df2af8eb42d56 -> 
========================================================================
Received Import Request.
  Time since last request: 478.087586 seconds.
  path: Assets/Slime.fbx
  artifactKey: Guid(787af7cdb6ace334882268166a274f35) Importer(815301076,1909f56bfc062723c751e8b465ee728b)
Start importing Assets/Slime.fbx using Guid(787af7cdb6ace334882268166a274f35) Importer(815301076,1909f56bfc062723c751e8b465ee728b)  -> (artifact id: 'c1769833f1af56939a566595093de93d') in 0.245482 seconds 
  Import took 0.251989 seconds .

========================================================================
Received Import Request.
  Time since last request: 10.712739 seconds.
  path: Assets/textures and models/Slime.fbx
  artifactKey: Guid(60cfa30daaed4f64197a23983d7ce601) Importer(815301076,1909f56bfc062723c751e8b465ee728b)
Start importing Assets/textures and models/Slime.fbx using Guid(60cfa30daaed4f64197a23983d7ce601) Importer(815301076,1909f56bfc062723c751e8b465ee728b)  -> (artifact id: '8c00aeed869bb663d33abe457fcc958e') in 0.047476 seconds 
  Import took 0.053237 seconds .

========================================================================
Received Import Request.
  Time since last request: 65.823183 seconds.
  path: Assets/textures and models/Slime_Material.001_AlbedoTransparency.png
  artifactKey: Guid(dca554f4b9f152749b2aae74184b8066) Importer(815301076,1909f56bfc062723c751e8b465ee728b)
Start importing Assets/textures and models/Slime_Material.001_AlbedoTransparency.png using Guid(dca554f4b9f152749b2aae74184b8066) Importer(815301076,1909f56bfc062723c751e8b465ee728b)  -> (artifact id: '8351754eea09d7d675c183634b9ce032') in 0.020379 seconds 
  Import took 0.043085 seconds .

========================================================================
Received Import Request.
  Time since last request: 0.000302 seconds.
  path: Assets/textures and models/Slime_Material.001_MetallicSmoothness.png
  artifactKey: Guid(076aeb41ba2f14744b926ae3a00c6539) Importer(815301076,1909f56bfc062723c751e8b465ee728b)
Start importing Assets/textures and models/Slime_Material.001_MetallicSmoothness.png using Guid(076aeb41ba2f14744b926ae3a00c6539) Importer(815301076,1909f56bfc062723c751e8b465ee728b)  -> (artifact id: '50128d780b1d1d7017ef7ac9b2bb596c') in 0.015345 seconds 
  Import took 0.024978 seconds .

========================================================================
Received Import Request.
  Time since last request: 0.000290 seconds.
  path: Assets/textures and models/Slime_Material.001_Emission.png
  artifactKey: Guid(a4f1c75c48e99624e8767b91417c2005) Importer(815301076,1909f56bfc062723c751e8b465ee728b)
Start importing Assets/textures and models/Slime_Material.001_Emission.png using Guid(a4f1c75c48e99624e8767b91417c2005) Importer(815301076,1909f56bfc062723c751e8b465ee728b)  -> (artifact id: '6d76d0457e34ef7898704f4e78ea7a73') in 0.017368 seconds 
  Import took 0.024520 seconds .

========================================================================
Received Import Request.
  Time since last request: 0.000279 seconds.
  path: Assets/textures and models/Slime_Material.001_Normal.png
  artifactKey: Guid(ae717f019df0b384e8190a7a7ea01aca) Importer(815301076,1909f56bfc062723c751e8b465ee728b)
Start importing Assets/textures and models/Slime_Material.001_Normal.png using Guid(ae717f019df0b384e8190a7a7ea01aca) Importer(815301076,1909f56bfc062723c751e8b465ee728b)  -> (artifact id: '6ea9450363764ed8417e3c9771f64b5d') in 0.019046 seconds 
  Import took 0.028843 seconds .

========================================================================
Received Import Request.
  Time since last request: 0.014361 seconds.
  path: Assets/textures and models/Slime_Material.001_Normal.png
  artifactKey: Guid(ae717f019df0b384e8190a7a7ea01aca) Importer(815301076,1909f56bfc062723c751e8b465ee728b)
Start importing Assets/textures and models/Slime_Material.001_Normal.png using Guid(ae717f019df0b384e8190a7a7ea01aca) Importer(815301076,1909f56bfc062723c751e8b465ee728b)  -> (artifact id: '6ea9450363764ed8417e3c9771f64b5d') in 0.013398 seconds 
  Import took 0.017990 seconds .

========================================================================
Received Import Request.
  Time since last request: 199.263880 seconds.
  path: Assets/textures and models/Slime_Material.001_Normal.png
  artifactKey: Guid(ae717f019df0b384e8190a7a7ea01aca) Importer(815301076,1909f56bfc062723c751e8b465ee728b)
Start importing Assets/textures and models/Slime_Material.001_Normal.png using Guid(ae717f019df0b384e8190a7a7ea01aca) Importer(815301076,1909f56bfc062723c751e8b465ee728b)  -> (artifact id: '646144cfa80250ee888d175a4e37265c') in 0.016435 seconds 
  Import took 0.022839 seconds .

========================================================================
Received Prepare
Registering precompiled user dll's ...
Registered in 0.004078 seconds.
Begin MonoManager ReloadAssembly
Native extension for WindowsStandalone target not found
Refreshing native plugins compatible for Editor in 0.49 ms, found 2 plugins.
Preloading 0 native plugins for Editor in 0.00 ms.
Mono: successfully reloaded assembly
- Completed reload, in  1.258 seconds
Domain Reload Profiling:
	ReloadAssembly (1258ms)
		BeginReloadAssembly (129ms)
			ExecutionOrderSort (0ms)
			DisableScriptedObjects (6ms)
			BackupInstance (0ms)
			ReleaseScriptingObjects (0ms)
			CreateAndSetChildDomain (36ms)
		EndReloadAssembly (1057ms)
			LoadAssemblies (107ms)
			RebuildTransferFunctionScriptingTraits (0ms)
			SetupTypeCache (324ms)
			ReleaseScriptCaches (1ms)
			RebuildScriptCaches (41ms)
			SetupLoadedEditorAssemblies (450ms)
				LogAssemblyErrors (0ms)
				InitializePlatformSupportModulesInManaged (4ms)
				SetLoadedEditorAssemblies (0ms)
				RefreshPlugins (1ms)
				BeforeProcessingInitializeOnLoad (126ms)
				ProcessInitializeOnLoadAttributes (304ms)
				ProcessInitializeOnLoadMethodAttributes (4ms)
				AfterProcessingInitializeOnLoad (11ms)
				EditorAssembliesLoaded (0ms)
			ExecutionOrderSort2 (0ms)
			AwakeInstancesAfterBackupRestoration (18ms)
Platform modules already initialized, skipping
Refreshing native plugins compatible for Editor in 0.49 ms, found 2 plugins.
Preloading 0 native plugins for Editor in 0.00 ms.
Unloading 2599 Unused Serialized files (Serialized files now loaded: 0)
System memory in use before: 135.8 MB.
System memory in use after: 136.0 MB.

Unloading 14 unused Assets to reduce memory usage. Loaded Objects now: 3310.
Total: 3.344800 ms (FindLiveObjects: 0.267000 ms CreateObjectMapping: 0.111300 ms MarkObjects: 2.948500 ms  DeleteObjects: 0.017200 ms)

AssetImportParameters requested are different than current active one (requested -> active):
  custom:framework-win-MediaFoundation: 216162199b28c13a410421893ffa2e32 -> 
  custom:video-decoder-ogg-theora: a1e56fd34408186e4bbccfd4996cb3dc -> 
  custom:container-muxer-webm: aa71ff27fc2769a1b78a27578f13a17b -> 
  custom:container-demuxer-webm: 4f35f7cbe854078d1ac9338744f61a02 -> 
  custom:container-demuxer-ogg: 62fdf1f143b41e24485cea50d1cbac27 -> 
  custom:video-encoder-webm-vp8: eb34c28f22e8b96e1ab97ce403110664 -> 
  custom:video-codec-MediaFoundation-h265: 746d11721c4dcdbdad8f713fa42b33f4 -> 
  custom:video-decoder-webm-vp8: 9c59270c3fd7afecdb556c50c9e8de78 -> 
  custom:audio-decoder-ogg-vorbis: bf7c407c2cedff20999df2af8eb42d56 -> 
  custom:audio-encoder-webm-vorbis: bf7c407c2cedff20999df2af8eb42d56 -> 
AssetImportWorkerClient::OnTransportError - code=2 error=End of file
